[debug] [2019-12-01T20:59:26.504Z] ----------------------------------------------------------------------
[debug] [2019-12-01T20:59:26.506Z] Command:       C:\Program Files\nodejs\node.exe C:\Users\rache\AppData\Roaming\npm\node_modules\firebase-tools\lib\bin\firebase.js serve --only hosting
[debug] [2019-12-01T20:59:26.506Z] CLI Version:   7.8.0
[debug] [2019-12-01T20:59:26.506Z] Platform:      win32
[debug] [2019-12-01T20:59:26.506Z] Node Version:  v12.13.0
[debug] [2019-12-01T20:59:26.507Z] Time:          Sun Dec 01 2019 15:59:26 GMT-0500 (Eastern Standard Time)
[debug] [2019-12-01T20:59:26.507Z] ----------------------------------------------------------------------
[debug] [2019-12-01T20:59:26.507Z] 
[debug] [2019-12-01T20:59:26.516Z] > command requires scopes: ["email","openid","https://www.googleapis.com/auth/cloudplatformprojects.readonly","https://www.googleapis.com/auth/firebase","https://www.googleapis.com/auth/cloud-platform"]
[debug] [2019-12-01T20:59:26.517Z] > authorizing via signed-in user
[debug] [2019-12-01T20:59:26.517Z] [iam] checking project project-54404 for permissions ["firebase.projects.get"]
[debug] [2019-12-01T20:59:26.519Z] > refreshing access token with scopes: ["email","https://www.googleapis.com/auth/cloud-platform","https://www.googleapis.com/auth/cloudplatformprojects.readonly","https://www.googleapis.com/auth/firebase","openid"]
[debug] [2019-12-01T20:59:26.519Z] >>> HTTP REQUEST POST https://www.googleapis.com/oauth2/v3/token  
 <request body omitted>
[debug] [2019-12-01T20:59:26.625Z] <<< HTTP RESPONSE 200
[debug] [2019-12-01T20:59:26.637Z] >>> HTTP REQUEST POST https://cloudresourcemanager.googleapis.com/v1/projects/project-54404:testIamPermissions  

[debug] [2019-12-01T20:59:26.788Z] <<< HTTP RESPONSE 200
[debug] [2019-12-01T20:59:26.792Z] >>> HTTP REQUEST GET https://firebase.googleapis.com/v1beta1/projects/project-54404  
 
[debug] [2019-12-01T20:59:26.951Z] <<< HTTP RESPONSE 200
[debug] [2019-12-01T20:59:26.959Z] >>> HTTP REQUEST GET https://firebase.googleapis.com/v1beta1/projects/project-54404/webApps/-/config  
 
[debug] [2019-12-01T20:59:27.254Z] <<< HTTP RESPONSE 200
[info] i  hosting: Serving hosting files from: public
[info] +  hosting: Local server: http://localhost:5000
